<?xml version="1.0" encoding="UTF-8"?>
<!-- Generated by org.testng.reporters.JUnitReportReporter -->
<testsuite hostname="Jagadeeshs-MacBook-Air.local" failures="0" tests="3" name="scraping.HyperTension" time="415.764" errors="0" timestamp="2023-04-22T22:58:40 CDT" skipped="0">
  <testcase classname="scraping.HyperTension" name="LaunchBrowser" time="4.919"/>
  <system-out/>
  <testcase classname="scraping.HyperTension" name="recipes_search" time="22.020"/>
  <system-out/>
  <testcase classname="scraping.HyperTension" name="ScrapeRecipes_HyperTension" time="388.825"/>
  <system-out/>
</testsuite> <!-- scraping.HyperTension -->
